Start
FORWARD FACING RADAR COMPONENT
INCREASE 5 (INCREMENTO 5)
INCREASE 5 (INCREMENTO 5)
INCREASE 5 (INCREMENTO 5)
INCREASE 5 (INCREMENTO 5)
INCREASE 5 (INCREMENTO 5)
INCREASE 5 (INCREMENTO 5)
INCREASE 5 (INCREMENTO 5)
INCREASE 5 (INCREMENTO 5)
INCREASE 5 (INCREMENTO 5)
INCREASE 5 (INCREMENTO 5)
FORWARD FACING RADAR COMPONENT
FORWARD FACING RADAR COMPONENT
FORWARD FACING RADAR COMPONENT
FORWARD FACING RADAR COMPONENT
FORWARD FACING RADAR COMPONENT
FORWARD FACING RADAR COMPONENT
FORWARD FACING RADAR COMPONENT
FORWARD FACING RADAR COMPONENT
FORWARD FACING RADAR COMPONENT
FORWARD FACING RADAR COMPONENT
FORWARD FACING RADAR COMPONENT
FORWARD FACING RADAR COMPONENT
PARK ASSIST COMMAND
PARK ASSIST COMMAND
PARK ASSIST COMMAND
PARK ASSIST COMMAND
PARK ASSIST COMMAND
PARK ASSIST COMMAND
PARK ASSIST COMMAND
PARK ASSIST COMMAND
PARK ASSIST COMMAND
PARK ASSIST COMMAND
PARK ASSIST COMMAND
PARK ASSIST COMMAND
PARK ASSIST COMMAND
PARK ASSIST COMMAND
PARK ASSIST COMMAND
PARK ASSIST COMMAND
PARK ASSIST COMMAND
PARK ASSIST COMMAND
PARK ASSIST COMMAND
PARK ASSIST COMMAND
PARK ASSIST COMMAND
PARK ASSIST COMMAND
PARK ASSIST COMMAND
PARK ASSIST COMMAND
PARK ASSIST COMMAND
PARK ASSIST COMMAND
PARK ASSIST COMMAND
PARK ASSIST COMMAND
PARK ASSIST COMMAND
PARK ASSIST COMMAND
PARK ASSIST COMMAND
PARK ASSIST COMMAND
PARK ASSIST COMMAND
PARK ASSIST COMMAND
PARK ASSIST COMMAND
PARK ASSIST COMMAND
PARK ASSIST COMMAND
PARK ASSIST COMMAND
PARK ASSIST COMMAND
PARK ASSIST COMMAND
PARK ASSIST COMMAND
PARK ASSIST COMMAND
PARK ASSIST COMMAND
PARK ASSIST COMMAND
PARK ASSIST COMMAND
PARK ASSIST COMMAND
PARK ASSIST COMMAND
PARK ASSIST COMMAND
PARK ASSIST COMMAND
PARK ASSIST COMMAND
PARK ASSIST COMMAND
PARK ASSIST COMMAND
PARK ASSIST COMMAND
PARK ASSIST COMMAND
PARK ASSIST COMMAND
PARK ASSIST COMMAND
PARK ASSIST COMMAND
PARK ASSIST COMMAND
PARK ASSIST COMMAND
PARK ASSIST COMMAND
PARK ASSIST COMMAND
PARK ASSIST COMMAND
PARK ASSIST COMMAND
PARK ASSIST COMMAND
PARK ASSIST COMMAND
PARK ASSIST COMMAND
PARK ASSIST COMMAND
PARK ASSIST COMMAND
PARK ASSIST COMMAND
PARK ASSIST COMMAND
PARK ASSIST COMMAND
PARK ASSIST COMMAND
PARK ASSIST COMMAND
PARK ASSIST COMMAND
PARK ASSIST COMMAND
PARK ASSIST COMMAND
PARK ASSIST COMMAND
PARK ASSIST COMMAND
PARK ASSIST COMMAND
PARK ASSIST COMMAND
PARK ASSIST COMMAND
PARK ASSIST COMMAND
PARK ASSIST COMMAND
PARK ASSIST COMMAND
PARK ASSIST COMMAND
PARK ASSIST COMMAND
PARK ASSIST COMMAND
PARK ASSIST COMMAND
PARK ASSIST COMMAND
PARK ASSIST COMMAND
PARK ASSIST COMMAND
PARK ASSIST COMMAND
PARK ASSIST COMMAND
PARK ASSIST COMMAND
PARK ASSIST COMMAND
PARK ASSIST COMMAND
PARK ASSIST COMMAND
PARK ASSIST COMMAND
PARK ASSIST COMMAND
PARK ASSIST COMMAND
PARK ASSIST COMMAND
PARK ASSIST COMMAND
PARK ASSIST COMMAND
PARK ASSIST COMMAND
PARK ASSIST COMMAND
PARK ASSIST COMMAND
PARK ASSIST COMMAND
PARK ASSIST COMMAND
PARK ASSIST COMMAND
PARK ASSIST COMMAND
PARK ASSIST COMMAND
PARK ASSIST COMMAND
PARK ASSIST COMMAND
PARK ASSIST COMMAND
PARK ASSIST COMMAND
PARK ASSIST COMMAND
PARK ASSIST COMMAND
PARK ASSIST COMMAND
PARK ASSIST COMMAND
PARK ASSIST COMMAND
PARK ASSIST COMMAND
PARK ASSIST COMMAND
PARK ASSIST COMMAND
PARK ASSIST COMMAND
PARK ASSIST COMMAND
PARK ASSIST COMMAND
PARK ASSIST COMMAND
PARK ASSIST COMMAND
PARK ASSIST COMMAND
PARK ASSIST COMMAND
PARK ASSIST COMMAND
PARK ASSIST COMMAND
PARK ASSIST COMMAND
PARK ASSIST COMMAND
PARK ASSIST COMMAND
PARK ASSIST COMMAND
PARK ASSIST COMMAND
PARK ASSIST COMMAND
PARK ASSIST COMMAND
PARK ASSIST COMMAND
PARK ASSIST COMMAND
PARK ASSIST COMMAND
PARK ASSIST COMMAND
PARK ASSIST COMMAND
PARK ASSIST COMMAND
PARK ASSIST COMMAND
PARK ASSIST COMMAND
PARK ASSIST COMMAND
PARK ASSIST COMMAND
PARK ASSIST COMMAND
PARK ASSIST COMMAND
PARK ASSIST COMMAND
PARK ASSIST COMMAND
PARK ASSIST COMMAND
PARK ASSIST COMMAND
PARK ASSIST COMMAND
PARK ASSIST COMMAND
PARK ASSIST COMMAND
PARK ASSIST COMMAND
PARK ASSIST COMMAND
PARK ASSIST COMMAND
PARK ASSIST COMMAND
PARK ASSIST COMMAND
PARK ASSIST COMMAND
PARK ASSIST COMMAND
PARK ASSIST COMMAND
PARK ASSIST COMMAND
PARK ASSIST COMMAND
PARK ASSIST COMMAND
PARK ASSIST COMMAND
PARK ASSIST COMMAND
PARK ASSIST COMMAND
PARK ASSIST COMMAND
PARK ASSIST COMMAND
PARK ASSIST COMMAND
PARK ASSIST COMMAND
PARK ASSIST COMMAND
PARK ASSIST COMMAND
PARK ASSIST COMMAND
PARK ASSIST COMMAND
PARK ASSIST COMMAND
PARK ASSIST COMMAND
PARK ASSIST COMMAND
PARK ASSIST COMMAND
PARK ASSIST COMMAND
PARK ASSIST COMMAND
PARK ASSIST COMMAND
PARK ASSIST COMMAND
PARK ASSIST COMMAND
PARK ASSIST COMMAND
PARK ASSIST COMMAND
PARK ASSIST COMMAND
PARK ASSIST COMMAND
PARK ASSIST COMMAND
PARK ASSIST COMMAND
PARK ASSIST COMMAND
PARK ASSIST COMMAND
PARK ASSIST COMMAND
PARK ASSIST COMMAND
PARK ASSIST COMMAND
PARK ASSIST COMMAND
PARK ASSIST COMMAND
PARK ASSIST COMMAND
PARK ASSIST COMMAND
PARK ASSIST COMMAND
PARK ASSIST COMMAND
PARK ASSIST COMMAND
PARK ASSIST COMMAND
PARK ASSIST COMMAND
PARK ASSIST COMMAND
PARK ASSIST COMMAND
PARK ASSIST COMMAND
PARK ASSIST COMMAND
PARK ASSIST COMMAND
PARK ASSIST COMMAND
PARK ASSIST COMMAND
PARK ASSIST COMMAND
PARK ASSIST COMMAND
PARK ASSIST COMMAND
PARK ASSIST COMMAND
PARK ASSIST COMMAND
PARK ASSIST COMMAND
PARK ASSIST COMMAND
PARK ASSIST COMMAND
PARK ASSIST COMMAND
PARK ASSIST COMMAND
PARK ASSIST COMMAND
PARK ASSIST COMMAND
PARK ASSIST COMMAND
PARK ASSIST COMMAND
PARK ASSIST COMMAND
PARK ASSIST COMMAND
PARK ASSIST COMMAND
PARK ASSIST COMMAND
PARK ASSIST COMMAND
PARK ASSIST COMMAND
PARK ASSIST COMMAND
PARK ASSIST COMMAND
PARK ASSIST COMMAND
PARK ASSIST COMMAND
DONE
