Start
Park Assist bytes: 5d83
Park Assist bytes: 83e7
Park Assist bytes: f2d0
Park Assist bytes: 2541
Park Assist bytes: 5554
Park Assist bytes: b16d
Park Assist bytes: 6b8c
Park Assist bytes: 1307
Park Assist bytes: 6ca5
Park Assist bytes: d440
Park Assist bytes: 8520
Park Assist bytes: 91e6
Park Assist bytes: 38de
Park Assist bytes: e0cf
Park Assist bytes: d7f4
Park Assist bytes: e342
Park Assist bytes: 8ecc
Park Assist bytes: 8c6e
Park Assist bytes: 5f68
Park Assist bytes: 0efd
Park Assist bytes: 9327
Park Assist bytes: 056d
Park Assist bytes: dae4
Park Assist bytes: 4e73
Park Assist bytes: c0f2
Park Assist bytes: 3544
Park Assist bytes: e32e
Park Assist bytes: 83a0
Park Assist bytes: 43d9
Park Assist bytes: 47bb
Park Assist bytes: 2c5d
Park Assist bytes: 1191
Park Assist bytes: 0cf7
Park Assist bytes: a85a
Park Assist bytes: c756
Park Assist bytes: 29a8
Park Assist bytes: 6fec
Park Assist bytes: 870e
Park Assist bytes: a68f
Park Assist bytes: e4c9
Park Assist bytes: 93de
Park Assist bytes: 1d9e
Park Assist bytes: 9d33
Park Assist bytes: b650
Park Assist bytes: 6eb6
Park Assist bytes: cb9a
Park Assist bytes: 6a16
Park Assist bytes: ce23
Park Assist bytes: 0de4
Park Assist bytes: 46d8
Park Assist bytes: 2a44
Park Assist bytes: b547
Park Assist bytes: fc2a
Park Assist bytes: 350b
Park Assist bytes: 5107
Park Assist bytes: 864b
Park Assist bytes: 88a5
Park Assist bytes: c8be
Park Assist bytes: 69d8
Park Assist bytes: 750a
Park Assist bytes: fa62
Park Assist bytes: d034
Park Assist bytes: 755c
Park Assist bytes: b29c
Park Assist bytes: 9fdd
Park Assist bytes: b56e
Park Assist bytes: 5115
Park Assist bytes: 762b
Park Assist bytes: 646b
Park Assist bytes: acb9
Park Assist bytes: 0e8b
Park Assist bytes: 3809
Park Assist bytes: adde
Park Assist bytes: 57ca
Park Assist bytes: 368e
Park Assist bytes: aafb
Park Assist bytes: eb77
Park Assist bytes: ea81
Park Assist bytes: 5e0b
Park Assist bytes: fced
Park Assist bytes: b35c
Park Assist bytes: 2ce1
Park Assist bytes: bb92
Park Assist bytes: b037
Park Assist bytes: bc53
Park Assist bytes: 8f3c
Park Assist bytes: bc2e
Park Assist bytes: 60b3
Park Assist bytes: 1f71
Park Assist bytes: 9ad3
Park Assist bytes: 89fb
Park Assist bytes: ebe3
Park Assist bytes: ae23
Park Assist bytes: d264
Park Assist bytes: 124c
Park Assist bytes: 35ac
Park Assist bytes: f105
Park Assist bytes: 52ad
Park Assist bytes: 841b
Park Assist bytes: 3db6
Park Assist bytes: 988a
Park Assist bytes: 1a07
Park Assist bytes: 2e2b
Park Assist bytes: ae96
Park Assist bytes: 5a68
Park Assist bytes: adf0
Park Assist bytes: 8db5
Park Assist bytes: efe5
Park Assist bytes: 1c5b
Park Assist bytes: a7b7
Park Assist bytes: 24f5
Park Assist bytes: 777e
Park Assist bytes: 99bf
Park Assist bytes: d46a
Park Assist bytes: 8f62
Park Assist bytes: 90db
Park Assist bytes: 1b6e
Park Assist bytes: 5168
Park Assist bytes: 2c8f
Park Assist bytes: 0de0
Park Assist bytes: e421
Park Assist bytes: 662c
Park Assist bytes: d7df
Park Assist bytes: 4932
Park Assist bytes: 9b31
Park Assist bytes: bee6
Park Assist bytes: d054
Park Assist bytes: 2b7e
Park Assist bytes: ab8e
Park Assist bytes: 1b84
Park Assist bytes: d0f7
Park Assist bytes: fff1
Park Assist bytes: 0831
Park Assist bytes: e45b
Park Assist bytes: 62cf
Park Assist bytes: 151b
Park Assist bytes: ed4b
Park Assist bytes: a60f
Park Assist bytes: 2a3a
Park Assist bytes: 0018
Park Assist bytes: 6df7
Park Assist bytes: 0efa
Park Assist bytes: ab0a
Park Assist bytes: 8a7a
Park Assist bytes: c104
Park Assist bytes: b8e6
Park Assist bytes: 8704
Park Assist bytes: 0ff7
Park Assist bytes: 4cb2
Park Assist bytes: 7cfb
Park Assist bytes: c613
Park Assist bytes: 2d8e
Park Assist bytes: e9c0
Park Assist bytes: de1d
Park Assist bytes: 44df
Park Assist bytes: 985a
Park Assist bytes: bdbf
Park Assist bytes: ef50
Park Assist bytes: 2d09
Park Assist bytes: f207
Park Assist bytes: 9353
Park Assist bytes: 1d45
Park Assist bytes: 30ff
Park Assist bytes: 1177
Park Assist bytes: 60c1
Park Assist bytes: 9dbf
Park Assist bytes: 7b74
Park Assist bytes: 4b5d
Park Assist bytes: af18
Park Assist bytes: 84c4
Park Assist bytes: 5251
Park Assist bytes: ce9c
Park Assist bytes: eb05
Park Assist bytes: adc9
Park Assist bytes: 3070
Park Assist bytes: f591
Park Assist bytes: ca8f
Park Assist bytes: 5830
Park Assist bytes: 9315
Park Assist bytes: 5732
Park Assist bytes: ed41
Park Assist bytes: 0829
Park Assist bytes: 93ab
Park Assist bytes: 4c81
Park Assist bytes: b6ae
Park Assist bytes: 5303
Park Assist bytes: e0a5
Park Assist bytes: c8e3
Park Assist bytes: 575d
Park Assist bytes: 7849
Park Assist bytes: 6d04
Park Assist bytes: 8aa0
Park Assist bytes: 9fd3
Park Assist bytes: 87ac
Park Assist bytes: ba4c
Park Assist bytes: a758
Park Assist bytes: e46a
Park Assist bytes: 8fc0
Park Assist bytes: 131f
Park Assist bytes: da51
Park Assist bytes: 3b7d
Park Assist bytes: c1e5
Park Assist bytes: 91ab
Park Assist bytes: ef90
Park Assist bytes: a057
Park Assist bytes: 221b
Park Assist bytes: 3cf7
Park Assist bytes: 6cde
Park Assist bytes: 0ea8
Park Assist bytes: 5958
Park Assist bytes: f074
Park Assist bytes: 1f5b
Park Assist bytes: 7a5a
Park Assist bytes: 5716
Park Assist bytes: 0ef3
Park Assist bytes: 3f0f
Park Assist bytes: 836a
Park Assist bytes: f363
Park Assist bytes: a3cd
Park Assist bytes: a1a9
Park Assist bytes: cdba
Park Assist bytes: 403d
Park Assist bytes: 8765
Park Assist bytes: 656a
Park Assist bytes: f4db
Park Assist bytes: cac9
Park Assist bytes: 1c7c
Park Assist bytes: 343c
Park Assist bytes: ace5
Park Assist bytes: 0c45
Park Assist bytes: 30a5
Park Assist bytes: 1d7a
Park Assist bytes: 4a70
Park Assist bytes: 5033
Park Assist bytes: 159f
Park Assist bytes: 155d
Park Assist bytes: b693
Park Assist bytes: 2631
Park Assist bytes: 9e07
Park Assist bytes: 60c7
